TN:
SF:src\controllers\AuthController.ts
FN:10,(anonymous_8)
FNF:1
FNH:1
FNDA:4,(anonymous_8)
DA:1,1
DA:2,1
DA:3,1
DA:4,1
DA:7,1
DA:9,1
DA:11,4
DA:13,4
DA:14,4
DA:15,4
DA:17,3
DA:18,1
DA:23,2
DA:24,2
DA:25,1
DA:30,1
DA:36,1
DA:41,1
DA:42,1
LF:19
LH:19
BRDA:7,0,0,1
BRDA:7,0,1,1
BRDA:17,1,0,1
BRDA:24,2,0,1
BRF:4
BRH:4
end_of_record
TN:
SF:src\entities\Lead.ts
FN:57,(anonymous_2)
FN:57,(anonymous_3)
FN:75,(anonymous_4)
FN:75,(anonymous_5)
FN:78,(anonymous_6)
FN:78,(anonymous_7)
FNF:6
FNH:0
FNDA:0,(anonymous_2)
FNDA:0,(anonymous_3)
FNDA:0,(anonymous_4)
FNDA:0,(anonymous_5)
FNDA:0,(anonymous_6)
FNDA:0,(anonymous_7)
DA:1,1
DA:8,1
DA:10,1
DA:11,1
DA:14,1
DA:16,1
DA:22,1
DA:25,1
DA:37,1
DA:40,1
DA:55,1
DA:57,0
DA:61,1
DA:64,1
DA:67,1
DA:70,1
DA:73,1
DA:75,0
DA:76,1
DA:78,0
DA:79,1
LF:21
LH:18
BRF:0
BRH:0
end_of_record
TN:
SF:src\entities\Property.ts
FN:22,(anonymous_2)
FN:22,(anonymous_3)
FNF:2
FNH:0
FNDA:0,(anonymous_2)
FNDA:0,(anonymous_3)
DA:1,1
DA:2,1
DA:5,1
DA:7,1
DA:10,1
DA:13,1
DA:20,1
DA:22,0
DA:23,1
LF:9
LH:8
BRF:0
BRH:0
end_of_record
TN:
SF:src\entities\Reservation.ts
FN:18,(anonymous_2)
FN:18,(anonymous_3)
FN:22,(anonymous_4)
FN:22,(anonymous_5)
FN:26,(anonymous_6)
FN:26,(anonymous_7)
FNF:6
FNH:0
FNDA:0,(anonymous_2)
FNDA:0,(anonymous_3)
FNDA:0,(anonymous_4)
FNDA:0,(anonymous_5)
FNDA:0,(anonymous_6)
FNDA:0,(anonymous_7)
DA:1,1
DA:9,1
DA:10,1
DA:11,1
DA:14,1
DA:16,1
DA:18,0
DA:20,1
DA:22,0
DA:24,1
DA:26,0
DA:27,1
DA:30,1
DA:33,1
DA:36,1
DA:43,1
DA:46,1
DA:49,1
DA:52,1
DA:55,1
LF:20
LH:17
BRF:0
BRH:0
end_of_record
TN:
SF:src\entities\Sale.ts
FN:15,(anonymous_2)
FN:15,(anonymous_3)
FNF:2
FNH:0
FNDA:0,(anonymous_2)
FNDA:0,(anonymous_3)
DA:1,1
DA:8,1
DA:11,1
DA:13,1
DA:15,0
DA:17,1
DA:20,1
DA:23,1
DA:26,1
LF:9
LH:8
BRF:0
BRH:0
end_of_record
TN:
SF:src\entities\User.ts
FN:18,(anonymous_2)
FN:18,(anonymous_3)
FNF:2
FNH:0
FNDA:0,(anonymous_2)
FNDA:0,(anonymous_3)
DA:1,1
DA:2,1
DA:5,1
DA:7,1
DA:10,1
DA:13,1
DA:16,1
DA:18,0
DA:19,1
LF:9
LH:8
BRF:0
BRH:0
end_of_record
